\BOOKMARK [0][-]{section*.1}{\376\377\144\130\000\040\211\201}{}% 1
\BOOKMARK [0][-]{section*.3}{\376\377\000A\000b\000s\000t\000r\000a\000c\000t}{}% 2
\BOOKMARK [0][-]{section*.6}{\376\377\143\322\126\376\166\356\137\125}{}% 3
\BOOKMARK [0][-]{section*.8}{\376\377\210\150\150\074\166\356\137\125}{}% 4
\BOOKMARK [0][-]{section*.10}{\376\377\173\227\154\325\166\356\137\125}{}% 5
\BOOKMARK [0][-]{section*.12}{\376\377\147\057\213\355\116\016\173\046\123\367\176\246\133\232}{}% 6
\BOOKMARK [0][-]{chapter.1}{\376\377\176\352\213\272}{}% 7
\BOOKMARK [1][-]{section.1.1}{\376\377\170\024\172\166\200\314\146\157\116\016\141\017\116\111}{chapter.1}% 8
\BOOKMARK [1][-]{section.1.2}{\376\377\170\024\172\166\166\356\150\007\116\016\121\205\133\271}{chapter.1}% 9
\BOOKMARK [2][-]{subsection.1.2.1}{\376\377\170\024\172\166\166\356\150\007}{section.1.2}% 10
\BOOKMARK [2][-]{subsection.1.2.2}{\376\377\170\024\172\166\121\205\133\271}{section.1.2}% 11
\BOOKMARK [1][-]{section.1.3}{\376\377\121\150\145\207\176\304\176\307\176\323\147\204}{chapter.1}% 12
\BOOKMARK [0][-]{chapter.2}{\376\377\170\024\172\166\163\260\162\266}{}% 13
\BOOKMARK [1][-]{section.2.1}{\376\377\127\372\116\216\141\017\126\376\166\204\177\121\176\334\151\202\217\360}{chapter.2}% 14
\BOOKMARK [1][-]{section.2.2}{\376\377\000L\0003\000V\000P\000N\151\202\217\360}{chapter.2}% 15
\BOOKMARK [1][-]{section.2.3}{\376\377\177\121\176\334\147\015\122\241\147\266\147\204\170\024\172\166\163\260\162\266}{chapter.2}% 16
\BOOKMARK [1][-]{section.2.4}{\376\377\170\024\172\166\163\260\162\266\140\073\176\323}{chapter.2}% 17
\BOOKMARK [1][-]{section.2.5}{\376\377\147\054\172\340\134\017\176\323}{chapter.2}% 18
\BOOKMARK [0][-]{chapter.3}{\376\377\165\050\142\067\141\017\126\376\166\204\220\002\221\115}{}% 19
\BOOKMARK [1][-]{section.3.1}{\376\377\141\017\126\376\166\204\210\150\163\260\124\214\133\232\116\111\145\271\154\325\166\204\170\024\172\166}{chapter.3}% 20
\BOOKMARK [1][-]{section.3.2}{\376\377\141\017\126\376\000Y\000A\000N\000G\152\041\127\213\122\060\147\015\122\241\000Y\000A\000N\000G\166\204\146\040\134\004}{chapter.3}% 21
\BOOKMARK [1][-]{section.3.3}{\376\377\147\015\122\241\000Y\000A\000N\000G\152\041\127\213\122\060\177\121\176\334\000Y\000A\000N\000G\152\041\127\213\166\204\220\002\221\115}{chapter.3}% 22
\BOOKMARK [1][-]{section.3.4}{\376\377\147\054\172\340\134\017\176\323}{chapter.3}% 23
\BOOKMARK [0][-]{chapter.4}{\376\377\137\002\147\204\000N\000E\000T\000C\000O\000N\000F\000/\000Y\000A\000N\000G\155\210\140\157\166\204\217\154\213\321}{}% 24
\BOOKMARK [1][-]{section.4.1}{\376\377\000C\000T\000C\173\227\154\325}{chapter.4}% 25
\BOOKMARK [2][-]{subsection.4.1.1}{\376\377\000N\000E\000T\000C\000O\000N\000F\124\214\000Y\000A\000N\000G\155\210\140\157\166\204\211\343\147\220\145\271\154\325}{section.4.1}% 26
\BOOKMARK [2][-]{subsection.4.1.2}{\376\377\000N\000E\000T\000C\000O\000N\000F\155\210\140\157\144\315\117\134\131\004\164\006\166\204\145\271\150\110\000-\152\041\142\337\213\241\173\227}{section.4.1}% 27
\BOOKMARK [2][-]{subsection.4.1.3}{\376\377\143\247\122\066\126\150\221\115\177\156\177\373\213\321}{section.4.1}% 28
\BOOKMARK [2][-]{subsection.4.1.4}{\376\377\127\372\116\216\213\276\131\007\172\357\137\123\122\115\221\115\177\156\166\204\153\324\217\203}{section.4.1}% 29
\BOOKMARK [1][-]{section.4.2}{\376\377\000M\000e\000d\000i\000a\000t\000o\000r\217\154\143\142\150\106\147\266\166\204\213\276\213\241\124\214\133\236\163\260}{chapter.4}% 30
\BOOKMARK [2][-]{subsection.4.2.1}{\376\377\221\315\211\201\176\304\116\366\166\204\122\006\147\220\133\236\163\260}{section.4.2}% 31
\BOOKMARK [1][-]{section.4.3}{\376\377\147\054\172\340\134\017\176\323}{chapter.4}% 32
\BOOKMARK [0][-]{chapter.5}{\376\377\140\073\176\323\116\016\134\125\147\033}{}% 33
\BOOKMARK [1][-]{section.5.1}{\376\377\121\150\145\207\135\345\117\134\140\073\176\323}{chapter.5}% 34
\BOOKMARK [1][-]{section.5.2}{\376\377\147\052\147\145\135\345\117\134\134\125\147\033}{chapter.5}% 35
\BOOKMARK [0][-]{section*.14}{\376\377\201\364\000\040\214\042}{}% 36
\BOOKMARK [0][-]{appendix.A}{\376\377\153\047\121\340\221\314\137\227\173\054\116\214\133\232\164\006\166\204\213\301\146\016}{}% 37
\BOOKMARK [0][-]{appendix.B}{\376\377\0002\146\057\145\340\164\006\145\160\166\204\213\301\146\016}{}% 38
\BOOKMARK [0][-]{section*.17}{\376\377\117\134\200\005\145\073\213\373\170\125\130\353\133\146\117\115\147\037\225\364\166\204\170\024\172\166\142\020\147\234}{}% 39
