\BOOKMARK [0][-]{section*.1}{\376\377\144\130\000\040\211\201}{}% 1
\BOOKMARK [0][-]{section*.3}{\376\377\000A\000b\000s\000t\000r\000a\000c\000t}{}% 2
\BOOKMARK [0][-]{section*.6}{\376\377\143\322\126\376\166\356\137\125}{}% 3
\BOOKMARK [0][-]{section*.8}{\376\377\210\150\150\074\166\356\137\125}{}% 4
\BOOKMARK [0][-]{section*.10}{\376\377\173\227\154\325\166\356\137\125}{}% 5
\BOOKMARK [0][-]{section*.12}{\376\377\147\057\213\355\116\016\173\046\123\367\176\246\133\232}{}% 6
\BOOKMARK [0][-]{chapter.1}{\376\377\176\352\213\272}{}% 7
\BOOKMARK [1][-]{section.1.1}{\376\377\170\024\172\166\200\314\146\157}{chapter.1}% 8
\BOOKMARK [1][-]{section.1.2}{\376\377\147\054\213\272\145\207\166\204\135\345\117\134}{chapter.1}% 9
\BOOKMARK [0][-]{chapter.2}{\376\377\153\146\133\146\116\016\154\137\156\126}{}% 10
\BOOKMARK [1][-]{section.2.1}{\376\377\137\025\212\000}{chapter.2}% 11
\BOOKMARK [1][-]{section.2.2}{\376\377\116\272\116\016\154\137\156\126}{chapter.2}% 12
\BOOKMARK [1][-]{section.2.3}{\376\377\153\146\133\146\166\204\123\132\131\047\174\276\155\361}{chapter.2}% 13
\BOOKMARK [1][-]{section.2.4}{\376\377\147\054\172\340\134\017\176\323}{chapter.2}% 14
\BOOKMARK [0][-]{chapter.3}{\376\377\121\205\122\237}{}% 15
\BOOKMARK [1][-]{section.3.1}{\376\377\137\025\212\000}{chapter.3}% 16
\BOOKMARK [1][-]{section.3.2}{\376\377\121\205\122\237\166\204\127\372\147\054\123\237\164\006}{chapter.3}% 17
\BOOKMARK [1][-]{section.3.3}{\376\377\121\205\122\237\116\016\125\235\221\122\166\204\121\163\174\373}{chapter.3}% 18
\BOOKMARK [1][-]{section.3.4}{\376\377\147\054\172\340\134\017\176\323}{chapter.3}% 19
\BOOKMARK [0][-]{chapter.4}{\376\377\137\303\154\325}{}% 20
\BOOKMARK [1][-]{section.4.1}{\376\377\137\025\212\000}{chapter.4}% 21
\BOOKMARK [1][-]{section.4.2}{\376\377\131\202\117\125\143\320\232\330\121\205\122\237}{chapter.4}% 22
\BOOKMARK [1][-]{section.4.3}{\376\377\147\054\172\340\134\017\176\323}{chapter.4}% 23
\BOOKMARK [0][-]{chapter.5}{\376\377\160\165\162\200\116\000\143\007}{}% 24
\BOOKMARK [1][-]{section.5.1}{\376\377\137\025\212\000}{chapter.5}% 25
\BOOKMARK [1][-]{section.5.2}{\376\377\160\165\162\200\116\000\143\007\166\204\215\167\156\220}{chapter.5}% 26
\BOOKMARK [1][-]{section.5.3}{\376\377\160\165\162\200\116\000\143\007\211\201\213\300}{chapter.5}% 27
\BOOKMARK [1][-]{section.5.4}{\376\377\147\054\172\340\134\017\176\323}{chapter.5}% 28
\BOOKMARK [0][-]{chapter.6}{\376\377\121\150\145\207\140\073\176\323}{}% 29
\BOOKMARK [0][-]{section*.16}{\376\377\201\364\000\040\214\042}{}% 30
\BOOKMARK [0][-]{section*.18}{\376\377\123\302\200\003\145\207\163\056}{}% 31
\BOOKMARK [0][-]{appendix.A}{\376\377\153\047\121\340\221\314\137\227\173\054\116\214\133\232\164\006\166\204\213\301\146\016}{}% 32
\BOOKMARK [0][-]{appendix.B}{\376\377\0002\146\057\145\340\164\006\145\160\166\204\213\301\146\016}{}% 33
\BOOKMARK [0][-]{section*.19}{\376\377\117\134\200\005\145\073\213\373\170\125\130\353\133\146\117\115\147\037\225\364\166\204\170\024\172\166\142\020\147\234}{}% 34
